{"C:\\Users\\Mingxin.Guo\\Projects\\test\\ai_test\\client\\src\\components\\hooks\\useResizablePanels.js": {"path":"C:\\Users\\Mingxin.Guo\\Projects\\test\\ai_test\\client\\src\\components\\hooks\\useResizablePanels.js","statementMap":{"0":{"start":{"line":19,"column":18},"end":{"line":19,"column":null}},"1":{"start":{"line":20,"column":22},"end":{"line":20,"column":null}},"2":{"start":{"line":21,"column":36},"end":{"line":21,"column":null}},"3":{"start":{"line":23,"column":16},"end":{"line":28,"column":null}},"4":{"start":{"line":24,"column":17},"end":{"line":24,"column":null}},"5":{"start":{"line":25,"column":4},"end":{"line":25,"column":null}},"6":{"start":{"line":25,"column":15},"end":{"line":25,"column":null}},"7":{"start":{"line":26,"column":22},"end":{"line":26,"column":null}},"8":{"start":{"line":27,"column":4},"end":{"line":27,"column":null}},"9":{"start":{"line":31,"column":2},"end":{"line":41,"column":null}},"10":{"start":{"line":33,"column":19},"end":{"line":33,"column":null}},"11":{"start":{"line":34,"column":6},"end":{"line":36,"column":null}},"12":{"start":{"line":35,"column":8},"end":{"line":35,"column":null}},"13":{"start":{"line":38,"column":4},"end":{"line":38,"column":null}},"14":{"start":{"line":39,"column":4},"end":{"line":39,"column":null}},"15":{"start":{"line":40,"column":4},"end":{"line":40,"column":null}},"16":{"start":{"line":40,"column":17},"end":{"line":40,"column":null}},"17":{"start":{"line":44,"column":2},"end":{"line":67,"column":null}},"18":{"start":{"line":46,"column":6},"end":{"line":46,"column":null}},"19":{"start":{"line":46,"column":52},"end":{"line":46,"column":null}},"20":{"start":{"line":47,"column":22},"end":{"line":47,"column":null}},"21":{"start":{"line":48,"column":23},"end":{"line":48,"column":null}},"22":{"start":{"line":49,"column":6},"end":{"line":49,"column":null}},"23":{"start":{"line":52,"column":6},"end":{"line":52,"column":null}},"24":{"start":{"line":53,"column":6},"end":{"line":53,"column":null}},"25":{"start":{"line":56,"column":4},"end":{"line":56,"column":null}},"26":{"start":{"line":57,"column":4},"end":{"line":57,"column":null}},"27":{"start":{"line":58,"column":4},"end":{"line":58,"column":null}},"28":{"start":{"line":59,"column":4},"end":{"line":59,"column":null}},"29":{"start":{"line":61,"column":4},"end":{"line":66,"column":null}},"30":{"start":{"line":62,"column":6},"end":{"line":62,"column":null}},"31":{"start":{"line":63,"column":6},"end":{"line":63,"column":null}},"32":{"start":{"line":64,"column":6},"end":{"line":64,"column":null}},"33":{"start":{"line":65,"column":6},"end":{"line":65,"column":null}},"34":{"start":{"line":69,"column":20},"end":{"line":72,"column":null}},"35":{"start":{"line":70,"column":4},"end":{"line":70,"column":null}},"36":{"start":{"line":71,"column":4},"end":{"line":71,"column":null}},"37":{"start":{"line":74,"column":20},"end":{"line":85,"column":null}},"38":{"start":{"line":76,"column":6},"end":{"line":82,"column":null}},"39":{"start":{"line":77,"column":8},"end":{"line":77,"column":null}},"40":{"start":{"line":77,"column":28},"end":{"line":77,"column":50}},"41":{"start":{"line":78,"column":8},"end":{"line":78,"column":null}},"42":{"start":{"line":79,"column":13},"end":{"line":82,"column":null}},"43":{"start":{"line":80,"column":8},"end":{"line":80,"column":null}},"44":{"start":{"line":80,"column":28},"end":{"line":80,"column":50}},"45":{"start":{"line":81,"column":8},"end":{"line":81,"column":null}},"46":{"start":{"line":87,"column":2},"end":{"line":87,"column":null}}},"fnMap":{"0":{"name":"useResizablePanels","decl":{"start":{"line":18,"column":16},"end":{"line":18,"column":35}},"loc":{"start":{"line":18,"column":87},"end":{"line":88,"column":null}},"line":18},"1":{"name":"(anonymous_1)","decl":{"start":{"line":23,"column":16},"end":{"line":23,"column":29}},"loc":{"start":{"line":23,"column":36},"end":{"line":28,"column":5}},"line":23},"2":{"name":"(anonymous_2)","decl":{"start":{"line":31,"column":2},"end":{"line":31,"column":18}},"loc":{"start":{"line":31,"column":18},"end":{"line":41,"column":5}},"line":31},"3":{"name":"initWidth","decl":{"start":{"line":32,"column":13},"end":{"line":32,"column":25}},"loc":{"start":{"line":32,"column":25},"end":{"line":37,"column":null}},"line":32},"4":{"name":"(anonymous_4)","decl":{"start":{"line":40,"column":4},"end":{"line":40,"column":17}},"loc":{"start":{"line":40,"column":17},"end":{"line":40,"column":null}},"line":40},"5":{"name":"(anonymous_5)","decl":{"start":{"line":44,"column":2},"end":{"line":44,"column":18}},"loc":{"start":{"line":44,"column":18},"end":{"line":67,"column":5}},"line":44},"6":{"name":"onMove","decl":{"start":{"line":45,"column":13},"end":{"line":45,"column":20}},"loc":{"start":{"line":45,"column":23},"end":{"line":50,"column":null}},"line":45},"7":{"name":"onUp","decl":{"start":{"line":51,"column":13},"end":{"line":51,"column":20}},"loc":{"start":{"line":51,"column":20},"end":{"line":54,"column":null}},"line":51},"8":{"name":"(anonymous_8)","decl":{"start":{"line":61,"column":4},"end":{"line":61,"column":17}},"loc":{"start":{"line":61,"column":17},"end":{"line":66,"column":null}},"line":61},"9":{"name":"(anonymous_9)","decl":{"start":{"line":69,"column":20},"end":{"line":69,"column":38}},"loc":{"start":{"line":69,"column":38},"end":{"line":72,"column":5}},"line":69},"10":{"name":"(anonymous_10)","decl":{"start":{"line":74,"column":20},"end":{"line":74,"column":null}},"loc":{"start":{"line":75,"column":11},"end":{"line":83,"column":null}},"line":75},"11":{"name":"(anonymous_11)","decl":{"start":{"line":77,"column":8},"end":{"line":77,"column":22}},"loc":{"start":{"line":77,"column":28},"end":{"line":77,"column":50}},"line":77},"12":{"name":"(anonymous_12)","decl":{"start":{"line":80,"column":8},"end":{"line":80,"column":22}},"loc":{"start":{"line":80,"column":28},"end":{"line":80,"column":50}},"line":80}},"branchMap":{"0":{"loc":{"start":{"line":18,"column":35},"end":{"line":18,"column":87}},"type":"default-arg","locations":[{"start":{"line":18,"column":83},"end":{"line":18,"column":87}}],"line":18},"1":{"loc":{"start":{"line":18,"column":37},"end":{"line":18,"column":57}},"type":"default-arg","locations":[{"start":{"line":18,"column":52},"end":{"line":18,"column":57}}],"line":18},"2":{"loc":{"start":{"line":18,"column":57},"end":{"line":18,"column":83}},"type":"default-arg","locations":[{"start":{"line":18,"column":64},"end":{"line":18,"column":83}}],"line":18},"3":{"loc":{"start":{"line":25,"column":4},"end":{"line":25,"column":null}},"type":"if","locations":[{"start":{"line":25,"column":4},"end":{"line":25,"column":null}},{"start":{},"end":{}}],"line":25},"4":{"loc":{"start":{"line":34,"column":6},"end":{"line":36,"column":null}},"type":"if","locations":[{"start":{"line":34,"column":6},"end":{"line":36,"column":null}},{"start":{},"end":{}}],"line":34},"5":{"loc":{"start":{"line":46,"column":6},"end":{"line":46,"column":null}},"type":"if","locations":[{"start":{"line":46,"column":6},"end":{"line":46,"column":null}},{"start":{},"end":{}}],"line":46},"6":{"loc":{"start":{"line":46,"column":10},"end":{"line":46,"column":52}},"type":"binary-expr","locations":[{"start":{"line":46,"column":10},"end":{"line":46,"column":34}},{"start":{"line":46,"column":34},"end":{"line":46,"column":52}}],"line":46},"7":{"loc":{"start":{"line":76,"column":6},"end":{"line":82,"column":null}},"type":"if","locations":[{"start":{"line":76,"column":6},"end":{"line":82,"column":null}},{"start":{"line":79,"column":13},"end":{"line":82,"column":null}}],"line":76},"8":{"loc":{"start":{"line":77,"column":35},"end":{"line":77,"column":45}},"type":"binary-expr","locations":[{"start":{"line":77,"column":35},"end":{"line":77,"column":40}},{"start":{"line":77,"column":40},"end":{"line":77,"column":45}}],"line":77},"9":{"loc":{"start":{"line":79,"column":13},"end":{"line":82,"column":null}},"type":"if","locations":[{"start":{"line":79,"column":13},"end":{"line":82,"column":null}},{"start":{},"end":{}}],"line":79},"10":{"loc":{"start":{"line":80,"column":35},"end":{"line":80,"column":45}},"type":"binary-expr","locations":[{"start":{"line":80,"column":35},"end":{"line":80,"column":40}},{"start":{"line":80,"column":40},"end":{"line":80,"column":45}}],"line":80}},"s":{"0":21,"1":21,"2":21,"3":21,"4":15,"5":15,"6":0,"7":15,"8":15,"9":21,"10":11,"11":11,"12":11,"13":6,"14":6,"15":6,"16":6,"17":21,"18":3,"19":2,"20":1,"21":1,"22":1,"23":1,"24":1,"25":6,"26":6,"27":6,"28":6,"29":6,"30":6,"31":6,"32":6,"33":6,"34":21,"35":1,"36":1,"37":21,"38":3,"39":1,"40":1,"41":1,"42":2,"43":2,"44":2,"45":2,"46":21},"f":{"0":21,"1":15,"2":6,"3":11,"4":6,"5":6,"6":3,"7":1,"8":6,"9":1,"10":3,"11":1,"12":2},"b":{"0":[21],"1":[21],"2":[21],"3":[0,15],"4":[11,0],"5":[2,1],"6":[3,1],"7":[1,2],"8":[1,0],"9":[2,0],"10":[2,0]},"meta":{"lastBranch":11,"lastFunction":13,"lastStatement":47,"seen":{"f:18:16:18:35":0,"b:18:83:18:87":0,"b:18:52:18:57":1,"b:18:64:18:83":2,"s:19:18:19:Infinity":0,"s:20:22:20:Infinity":1,"s:21:36:21:Infinity":2,"s:23:16:28:Infinity":3,"f:23:16:23:29":1,"s:24:17:24:Infinity":4,"b:25:4:25:Infinity:undefined:undefined:undefined:undefined":3,"s:25:4:25:Infinity":5,"s:25:15:25:Infinity":6,"s:26:22:26:Infinity":7,"s:27:4:27:Infinity":8,"s:31:2:41:Infinity":9,"f:31:2:31:18":2,"f:32:13:32:25":3,"s:33:19:33:Infinity":10,"b:34:6:36:Infinity:undefined:undefined:undefined:undefined":4,"s:34:6:36:Infinity":11,"s:35:8:35:Infinity":12,"s:38:4:38:Infinity":13,"s:39:4:39:Infinity":14,"s:40:4:40:Infinity":15,"f:40:4:40:17":4,"s:40:17:40:Infinity":16,"s:44:2:67:Infinity":17,"f:44:2:44:18":5,"f:45:13:45:20":6,"b:46:6:46:Infinity:undefined:undefined:undefined:undefined":5,"s:46:6:46:Infinity":18,"b:46:10:46:34:46:34:46:52":6,"s:46:52:46:Infinity":19,"s:47:22:47:Infinity":20,"s:48:23:48:Infinity":21,"s:49:6:49:Infinity":22,"f:51:13:51:20":7,"s:52:6:52:Infinity":23,"s:53:6:53:Infinity":24,"s:56:4:56:Infinity":25,"s:57:4:57:Infinity":26,"s:58:4:58:Infinity":27,"s:59:4:59:Infinity":28,"s:61:4:66:Infinity":29,"f:61:4:61:17":8,"s:62:6:62:Infinity":30,"s:63:6:63:Infinity":31,"s:64:6:64:Infinity":32,"s:65:6:65:Infinity":33,"s:69:20:72:Infinity":34,"f:69:20:69:38":9,"s:70:4:70:Infinity":35,"s:71:4:71:Infinity":36,"s:74:20:85:Infinity":37,"f:74:20:74:Infinity":10,"b:76:6:82:Infinity:79:13:82:Infinity":7,"s:76:6:82:Infinity":38,"s:77:8:77:Infinity":39,"f:77:8:77:22":11,"s:77:28:77:50":40,"b:77:35:77:40:77:40:77:45":8,"s:78:8:78:Infinity":41,"b:79:13:82:Infinity:undefined:undefined:undefined:undefined":9,"s:79:13:82:Infinity":42,"s:80:8:80:Infinity":43,"f:80:8:80:22":12,"s:80:28:80:50":44,"b:80:35:80:40:80:40:80:45":10,"s:81:8:81:Infinity":45,"s:87:2:87:Infinity":46},"fnNames":{}}}
,"C:\\Users\\Mingxin.Guo\\Projects\\test\\ai_test\\client\\src\\components\\utils\\resizable.js": {"path":"C:\\Users\\Mingxin.Guo\\Projects\\test\\ai_test\\client\\src\\components\\utils\\resizable.js","statementMap":{"0":{"start":{"line":3,"column":29},"end":{"line":3,"column":null}},"1":{"start":{"line":4,"column":30},"end":{"line":4,"column":null}},"2":{"start":{"line":5,"column":29},"end":{"line":5,"column":null}},"3":{"start":{"line":6,"column":30},"end":{"line":6,"column":null}},"4":{"start":{"line":21,"column":2},"end":{"line":23,"column":null}},"5":{"start":{"line":22,"column":4},"end":{"line":22,"column":null}},"6":{"start":{"line":24,"column":23},"end":{"line":24,"column":null}},"7":{"start":{"line":25,"column":2},"end":{"line":25,"column":null}},"8":{"start":{"line":30,"column":2},"end":{"line":32,"column":null}},"9":{"start":{"line":31,"column":4},"end":{"line":31,"column":null}},"10":{"start":{"line":33,"column":2},"end":{"line":33,"column":null}},"11":{"start":{"line":38,"column":2},"end":{"line":38,"column":null}}},"fnMap":{"0":{"name":"clampWidth","decl":{"start":{"line":12,"column":16},"end":{"line":12,"column":null}},"loc":{"start":{"line":20,"column":2},"end":{"line":26,"column":null}},"line":20},"1":{"name":"getClientXFromEvent","decl":{"start":{"line":29,"column":16},"end":{"line":29,"column":36}},"loc":{"start":{"line":29,"column":39},"end":{"line":34,"column":null}},"line":29},"2":{"name":"computeChatWidthFromPointer","decl":{"start":{"line":37,"column":16},"end":{"line":37,"column":44}},"loc":{"start":{"line":37,"column":93},"end":{"line":39,"column":null}},"line":37}},"branchMap":{"0":{"loc":{"start":{"line":15,"column":2},"end":{"line":19,"column":null}},"type":"default-arg","locations":[{"start":{"line":19,"column":6},"end":{"line":19,"column":null}}],"line":15},"1":{"loc":{"start":{"line":16,"column":4},"end":{"line":16,"column":null}},"type":"default-arg","locations":[{"start":{"line":16,"column":19},"end":{"line":16,"column":null}}],"line":16},"2":{"loc":{"start":{"line":17,"column":4},"end":{"line":17,"column":null}},"type":"default-arg","locations":[{"start":{"line":17,"column":18},"end":{"line":17,"column":null}}],"line":17},"3":{"loc":{"start":{"line":18,"column":4},"end":{"line":18,"column":null}},"type":"default-arg","locations":[{"start":{"line":18,"column":19},"end":{"line":18,"column":null}}],"line":18},"4":{"loc":{"start":{"line":21,"column":2},"end":{"line":23,"column":null}},"type":"if","locations":[{"start":{"line":21,"column":2},"end":{"line":23,"column":null}},{"start":{},"end":{}}],"line":21},"5":{"loc":{"start":{"line":21,"column":6},"end":{"line":21,"column":64}},"type":"binary-expr","locations":[{"start":{"line":21,"column":6},"end":{"line":21,"column":39}},{"start":{"line":21,"column":39},"end":{"line":21,"column":64}}],"line":21},"6":{"loc":{"start":{"line":30,"column":2},"end":{"line":32,"column":null}},"type":"if","locations":[{"start":{"line":30,"column":2},"end":{"line":32,"column":null}},{"start":{},"end":{}}],"line":30},"7":{"loc":{"start":{"line":30,"column":6},"end":{"line":30,"column":41}},"type":"binary-expr","locations":[{"start":{"line":30,"column":6},"end":{"line":30,"column":19}},{"start":{"line":30,"column":19},"end":{"line":30,"column":41}}],"line":30},"8":{"loc":{"start":{"line":37,"column":63},"end":{"line":37,"column":93}},"type":"default-arg","locations":[{"start":{"line":37,"column":78},"end":{"line":37,"column":93}}],"line":37}},"s":{"0":2,"1":2,"2":2,"3":2,"4":22,"5":2,"6":20,"7":20,"8":4,"9":2,"10":2,"11":3},"f":{"0":22,"1":4,"2":3},"b":{"0":[22],"1":[22],"2":[22],"3":[22],"4":[2,20],"5":[22,21],"6":[2,2],"7":[4,2],"8":[3]},"meta":{"lastBranch":9,"lastFunction":3,"lastStatement":12,"seen":{"s:3:29:3:Infinity":0,"s:4:30:4:Infinity":1,"s:5:29:5:Infinity":2,"s:6:30:6:Infinity":3,"f:12:16:12:Infinity":0,"b:19:6:19:Infinity":0,"b:16:19:16:Infinity":1,"b:17:18:17:Infinity":2,"b:18:19:18:Infinity":3,"b:21:2:23:Infinity:undefined:undefined:undefined:undefined":4,"s:21:2:23:Infinity":4,"b:21:6:21:39:21:39:21:64":5,"s:22:4:22:Infinity":5,"s:24:23:24:Infinity":6,"s:25:2:25:Infinity":7,"f:29:16:29:36":1,"b:30:2:32:Infinity:undefined:undefined:undefined:undefined":6,"s:30:2:32:Infinity":8,"b:30:6:30:19:30:19:30:41":7,"s:31:4:31:Infinity":9,"s:33:2:33:Infinity":10,"f:37:16:37:44":2,"b:37:78:37:93":8,"s:38:2:38:Infinity":11},"fnNames":{}}}
}
